<?xml version="1.0" encoding="UTF-8"?>
<testng-results ignored="0" total="2" passed="2" failed="0" skipped="0">
  <reporter-output>
  </reporter-output>
  <suite started-at="2024-10-17T00:32:11 IST" name="Default suite" finished-at="2024-10-17T00:32:16 IST" duration-ms="5805">
    <groups>
    </groups>
    <test started-at="2024-10-17T00:32:11 IST" name="Default test" finished-at="2024-10-17T00:32:16 IST" duration-ms="5805">
      <class name="swagger_demo.swagger">
        <test-method signature="Get_PetsByStatus()[pri:0, instance:swagger_demo.swagger@53fe15ff]" started-at="2024-10-17T00:32:11 IST" name="Get_PetsByStatus" finished-at="2024-10-17T00:32:14 IST" duration-ms="3650" status="PASS">
          <reporter-output>
          </reporter-output>
        </test-method> <!-- Get_PetsByStatus -->
        <test-method signature="Post_PlaceAnOrder()[pri:0, instance:swagger_demo.swagger@53fe15ff]" started-at="2024-10-17T00:32:14 IST" name="Post_PlaceAnOrder" finished-at="2024-10-17T00:32:16 IST" duration-ms="2103" status="PASS">
          <reporter-output>
          </reporter-output>
        </test-method> <!-- Post_PlaceAnOrder -->
      </class> <!-- swagger_demo.swagger -->
    </test> <!-- Default test -->
  </suite> <!-- Default suite -->
</testng-results>
